
  .   ____          _            __ _ _
 /\\ / ___'_ __ _ _(_)_ __  __ _ \ \ \ \
( ( )\___ | '_ | '_| | '_ \/ _` | \ \ \ \
 \\/  ___)| |_)| | | | | || (_| |  ) ) ) )
  '  |____| .__|_| |_|_| |_\__, | / / / /
 =========|_|==============|___/=/_/_/_/

 :: Spring Boot ::                (v3.5.6)

2025-10-25T23:44:12.360-05:00  INFO 77540 --- [mozaico] [           main] com.djasoft.mozaico.MozaicoApplication   : Starting MozaicoApplication v0.0.1-SNAPSHOT using Java 21.0.8 with PID 77540 (/home/maeldev/Code/mozaico/target/mozaico-0.0.1-SNAPSHOT.jar started by maeldev in /home/maeldev/Code/mozaico)
2025-10-25T23:44:12.363-05:00  INFO 77540 --- [mozaico] [           main] com.djasoft.mozaico.MozaicoApplication   : No active profile set, falling back to 1 default profile: "default"
2025-10-25T23:44:14.960-05:00  INFO 77540 --- [mozaico] [           main] .s.d.r.c.RepositoryConfigurationDelegate : Bootstrapping Spring Data JPA repositories in DEFAULT mode.
2025-10-25T23:44:15.420-05:00  INFO 77540 --- [mozaico] [           main] .s.d.r.c.RepositoryConfigurationDelegate : Finished Spring Data repository scanning in 437 ms. Found 19 JPA repository interfaces.
2025-10-25T23:44:17.661-05:00  INFO 77540 --- [mozaico] [           main] o.s.b.w.embedded.tomcat.TomcatWebServer  : Tomcat initialized with port 8091 (http)
2025-10-25T23:44:17.719-05:00  INFO 77540 --- [mozaico] [           main] o.apache.catalina.core.StandardService   : Starting service [Tomcat]
2025-10-25T23:44:17.720-05:00  INFO 77540 --- [mozaico] [           main] o.apache.catalina.core.StandardEngine    : Starting Servlet engine: [Apache Tomcat/10.1.46]
2025-10-25T23:44:17.804-05:00  INFO 77540 --- [mozaico] [           main] o.a.c.c.C.[Tomcat].[localhost].[/]       : Initializing Spring embedded WebApplicationContext
2025-10-25T23:44:17.808-05:00  INFO 77540 --- [mozaico] [           main] w.s.c.ServletWebServerApplicationContext : Root WebApplicationContext: initialization completed in 5359 ms
2025-10-25T23:44:18.372-05:00  INFO 77540 --- [mozaico] [           main] o.hibernate.jpa.internal.util.LogHelper  : HHH000204: Processing PersistenceUnitInfo [name: default]
2025-10-25T23:44:18.543-05:00  INFO 77540 --- [mozaico] [           main] org.hibernate.Version                    : HHH000412: Hibernate ORM core version 6.6.29.Final
2025-10-25T23:44:18.626-05:00  INFO 77540 --- [mozaico] [           main] o.h.c.internal.RegionFactoryInitiator    : HHH000026: Second-level cache disabled
2025-10-25T23:44:19.531-05:00  INFO 77540 --- [mozaico] [           main] o.s.o.j.p.SpringPersistenceUnitInfo      : No LoadTimeWeaver setup: ignoring JPA class transformer
2025-10-25T23:44:19.645-05:00  INFO 77540 --- [mozaico] [           main] com.zaxxer.hikari.HikariDataSource       : HikariPool-1 - Starting...
2025-10-25T23:44:20.606-05:00  INFO 77540 --- [mozaico] [           main] com.zaxxer.hikari.pool.HikariPool        : HikariPool-1 - Added connection org.postgresql.jdbc.PgConnection@5d8e4fa8
2025-10-25T23:44:20.611-05:00  INFO 77540 --- [mozaico] [           main] com.zaxxer.hikari.HikariDataSource       : HikariPool-1 - Start completed.
2025-10-25T23:44:20.686-05:00  WARN 77540 --- [mozaico] [           main] org.hibernate.orm.deprecation            : HHH90000025: PostgreSQLDialect does not need to be specified explicitly using 'hibernate.dialect' (remove the property setting and it will be selected by default)
2025-10-25T23:44:20.754-05:00  INFO 77540 --- [mozaico] [           main] org.hibernate.orm.connections.pooling    : HHH10001005: Database info:
	Database JDBC URL [Connecting through datasource 'HikariDataSource (HikariPool-1)']
	Database driver: undefined/unknown
	Database version: 17.6
	Autocommit mode: undefined/unknown
	Isolation level: undefined/unknown
	Minimum pool size: undefined/unknown
	Maximum pool size: undefined/unknown
2025-10-25T23:44:25.579-05:00  INFO 77540 --- [mozaico] [           main] o.h.e.t.j.p.i.JtaPlatformInitiator       : HHH000489: No JTA platform available (set 'hibernate.transaction.jta.platform' to enable JTA platform integration)
2025-10-25T23:44:28.469-05:00  INFO 77540 --- [mozaico] [           main] j.LocalContainerEntityManagerFactoryBean : Initialized JPA EntityManagerFactory for persistence unit 'default'
2025-10-25T23:44:29.469-05:00  INFO 77540 --- [mozaico] [           main] o.s.d.j.r.query.QueryEnhancerFactory     : Hibernate is in classpath; If applicable, HQL parser will be used.
2025-10-25T23:44:31.273-05:00  INFO 77540 --- [mozaico] [           main] eAuthenticationProviderManagerConfigurer : Global AuthenticationManager configured with AuthenticationProvider bean with name authenticationProvider
2025-10-25T23:44:31.274-05:00  WARN 77540 --- [mozaico] [           main] r$InitializeUserDetailsManagerConfigurer : Global AuthenticationManager configured with an AuthenticationProvider bean. UserDetailsService beans will not be used by Spring Security for automatically configuring username/password login. Consider removing the AuthenticationProvider bean. Alternatively, consider using the UserDetailsService in a manually instantiated DaoAuthenticationProvider. If the current configuration is intentional, to turn off this warning, increase the logging level of 'org.springframework.security.config.annotation.authentication.configuration.InitializeUserDetailsBeanManagerConfigurer' to ERROR
2025-10-25T23:44:33.786-05:00  WARN 77540 --- [mozaico] [           main] JpaBaseConfiguration$JpaWebConfiguration : spring.jpa.open-in-view is enabled by default. Therefore, database queries may be performed during view rendering. Explicitly configure spring.jpa.open-in-view to disable this warning
2025-10-25T23:44:35.873-05:00  INFO 77540 --- [mozaico] [           main] o.s.b.w.embedded.tomcat.TomcatWebServer  : Tomcat started on port 8091 (http) with context path '/'
2025-10-25T23:44:35.901-05:00  INFO 77540 --- [mozaico] [           main] com.djasoft.mozaico.MozaicoApplication   : Started MozaicoApplication in 24.166 seconds (process running for 24.795)
Hibernate: select e1_0.id_empresa,e1_0.activa,e1_0.aplica_igv,e1_0.correlativo_ticket,e1_0.descripcion,e1_0.direccion,e1_0.duracion_reserva_horas,e1_0.email,e1_0.fecha_actualizacion,e1_0.fecha_creacion,e1_0.logo_url,e1_0.moneda,e1_0.nombre,e1_0.pagina_web,e1_0.porcentaje_igv,e1_0.prefijo_ticket,e1_0.slug,e1_0.telefono,e1_0.tipo_operacion from empresas e1_0 where e1_0.slug=?
Hibernate: select df1_0.id_datos_facturacion,df1_0.certificado_digital_path,df1_0.certificado_password,df1_0.clavesol,df1_0.correlativo_boleta,df1_0.correlativo_factura,df1_0.correlativo_nota_credito,df1_0.correlativo_nota_debito,df1_0.departamento,df1_0.dias_maximo_envio,df1_0.direccion_fiscal,df1_0.distrito,df1_0.id_empresa,df1_0.envio_automatico_sunat,df1_0.estado_formalizacion,df1_0.facturacion_electronica_activa,df1_0.fecha_actualizacion,df1_0.fecha_creacion,df1_0.fecha_ultima_actualizacion_sunat,df1_0.nombre_comercial,df1_0.observaciones_facturacion,df1_0.ose_activo,df1_0.ose_clave,df1_0.ose_endpoint,df1_0.ose_proveedor,df1_0.ose_usuario,df1_0.provincia,df1_0.razon_social,df1_0.regimen_tributario,df1_0.ruc,df1_0.serie_boleta,df1_0.serie_factura,df1_0.serie_nota_credito,df1_0.serie_nota_debito,df1_0.tipo_contribuyente,df1_0.ubigeo,df1_0.usuariosol,df1_0.validar_receptor_ruc from datos_facturacion df1_0 where df1_0.id_empresa=?
⚠️  Los datos de prueba ya fueron cargados anteriormente.
   Para recargar, elimina la base de datos y vuelve a ejecutar.
2025-10-25T23:45:45.497-05:00  INFO 77540 --- [mozaico] [nio-8091-exec-1] o.a.c.c.C.[Tomcat].[localhost].[/]       : Initializing Spring DispatcherServlet 'dispatcherServlet'
2025-10-25T23:45:45.497-05:00  INFO 77540 --- [mozaico] [nio-8091-exec-1] o.s.web.servlet.DispatcherServlet        : Initializing Servlet 'dispatcherServlet'
2025-10-25T23:45:45.498-05:00  INFO 77540 --- [mozaico] [nio-8091-exec-1] o.s.web.servlet.DispatcherServlet        : Completed initialization in 1 ms
2025-10-25T23:45:45.546-05:00  WARN 77540 --- [mozaico] [nio-8091-exec-1] c.d.m.config.JwtAuthenticationFilter     : Request sin token JWT a: /api/v1/productos/public/restaurante-mozaico/carta/por-categoria - Authorization header: null
Hibernate: select e1_0.id_empresa,e1_0.activa,e1_0.aplica_igv,e1_0.correlativo_ticket,e1_0.descripcion,e1_0.direccion,e1_0.duracion_reserva_horas,e1_0.email,e1_0.fecha_actualizacion,e1_0.fecha_creacion,e1_0.logo_url,e1_0.moneda,e1_0.nombre,e1_0.pagina_web,e1_0.porcentaje_igv,e1_0.prefijo_ticket,e1_0.slug,e1_0.telefono,e1_0.tipo_operacion from empresas e1_0 where e1_0.slug=?
Hibernate: select df1_0.id_datos_facturacion,df1_0.certificado_digital_path,df1_0.certificado_password,df1_0.clavesol,df1_0.correlativo_boleta,df1_0.correlativo_factura,df1_0.correlativo_nota_credito,df1_0.correlativo_nota_debito,df1_0.departamento,df1_0.dias_maximo_envio,df1_0.direccion_fiscal,df1_0.distrito,df1_0.id_empresa,df1_0.envio_automatico_sunat,df1_0.estado_formalizacion,df1_0.facturacion_electronica_activa,df1_0.fecha_actualizacion,df1_0.fecha_creacion,df1_0.fecha_ultima_actualizacion_sunat,df1_0.nombre_comercial,df1_0.observaciones_facturacion,df1_0.ose_activo,df1_0.ose_clave,df1_0.ose_endpoint,df1_0.ose_proveedor,df1_0.ose_usuario,df1_0.provincia,df1_0.razon_social,df1_0.regimen_tributario,df1_0.ruc,df1_0.serie_boleta,df1_0.serie_factura,df1_0.serie_nota_credito,df1_0.serie_nota_debito,df1_0.tipo_contribuyente,df1_0.ubigeo,df1_0.usuariosol,df1_0.validar_receptor_ruc from datos_facturacion df1_0 where df1_0.id_empresa=?
Hibernate: select e1_0.id_empresa,e1_0.activa,e1_0.aplica_igv,e1_0.correlativo_ticket,e1_0.descripcion,e1_0.direccion,e1_0.duracion_reserva_horas,e1_0.email,e1_0.fecha_actualizacion,e1_0.fecha_creacion,e1_0.logo_url,e1_0.moneda,e1_0.nombre,e1_0.pagina_web,e1_0.porcentaje_igv,e1_0.prefijo_ticket,e1_0.slug,e1_0.telefono,e1_0.tipo_operacion from empresas e1_0 where e1_0.slug=?
Hibernate: select p1_0.id_producto,p1_0.calorias,p1_0.id_categoria,p1_0.codigo_barras,p1_0.descripcion,p1_0.disponible,p1_0.id_empresa,p1_0.es_alcoholico,p1_0.estado,p1_0.fecha_actualizacion,p1_0.fecha_creacion,p1_0.imagen_url,p1_0.ingredientes,p1_0.marca,p1_0.nombre,p1_0.precio,p1_0.presentacion,p1_0.requiere_preparacion,p1_0.tiempo_preparacion,p1_0.id_usuario_creacion from productos p1_0 where p1_0.id_empresa=? and p1_0.disponible=? and p1_0.estado=?
Hibernate: select c1_0.id_categoria,c1_0.descripcion,c1_0.id_empresa,c1_0.fecha_actualizacion,c1_0.fecha_creacion,c1_0.nombre,c1_0.id_usuario_creacion from categorias c1_0 where c1_0.id_categoria=?
Hibernate: select c1_0.id_categoria,c1_0.descripcion,c1_0.id_empresa,c1_0.fecha_actualizacion,c1_0.fecha_creacion,c1_0.nombre,c1_0.id_usuario_creacion from categorias c1_0 where c1_0.id_categoria=?
Hibernate: select c1_0.id_categoria,c1_0.descripcion,c1_0.id_empresa,c1_0.fecha_actualizacion,c1_0.fecha_creacion,c1_0.nombre,c1_0.id_usuario_creacion from categorias c1_0 where c1_0.id_categoria=?
Hibernate: select c1_0.id_categoria,c1_0.descripcion,c1_0.id_empresa,c1_0.fecha_actualizacion,c1_0.fecha_creacion,c1_0.nombre,c1_0.id_usuario_creacion from categorias c1_0 where c1_0.id_categoria=?
Hibernate: select c1_0.id_categoria,c1_0.descripcion,c1_0.id_empresa,c1_0.fecha_actualizacion,c1_0.fecha_creacion,c1_0.nombre,c1_0.id_usuario_creacion from categorias c1_0 where c1_0.id_categoria=?
